Air_Mouse/app/build/intermediates/manifest_merge_blame_file/debug/manifest-merger-blame-debug-report.txt
1<?xml version="1.0" encoding="utf-8"?>
2<manifest xmlns:android="http://schemas.android.com/apk/res/android"
3    package="com.example.airmouse"
4    android:versionCode="1"
5    android:versionName="1.0" >
6
7    <uses-sdk
8        android:minSdkVersion="27"
8-->src\main\AndroidManifest.xml
9        android:targetSdkVersion="30" />
9-->src\main\AndroidManifest.xml
10
11    <uses-permission android:name="android.permission.BLUETOOTH" />
11-->src\main\AndroidManifest.xml:5:5-68
11-->src\main\AndroidManifest.xml:5:22-65
12    <uses-permission android:name="android.permission.BLUETOOTH_ADMIN" />
12-->src\main\AndroidManifest.xml:6:5-74
12-->src\main\AndroidManifest.xml:6:22-71
13    <uses-permission android:name="android.permission.ACCESS_COARSE_LOCATION" />
13-->src\main\AndroidManifest.xml:7:5-81
13-->src\main\AndroidManifest.xml:7:22-78
14    <uses-permission android:name="android.permission.ACCESS_FINE_LOCATION" />
14-->src\main\AndroidManifest.xml:8:5-79
14-->src\main\AndroidManifest.xml:8:22-76
15    <uses-permission android:name="android.permission.VIBRATE" />
15-->src\main\AndroidManifest.xml:9:5-66
15-->src\main\AndroidManifest.xml:9:22-63
16    <!--
17 If your app targets Android 9 or lower, you can declare
18         ACCESS_COARSE_LOCATION instead.
19    -->
20    <uses-permission android:name="android.permission.ACCESS_COARSE_LOCATION" />
20-->src\main\AndroidManifest.xml:7:5-81
20-->src\main\AndroidManifest.xml:7:22-78
21
22    <!-- Include required permissions for Google Mobile Ads to run -->
23    <uses-permission android:name="android.permission.INTERNET" />
23-->[com.google.android.gms:play-services-ads-lite:19.1.0] AndroidManifest.xml:23:5-67
23-->[com.google.android.gms:play-services-ads-lite:19.1.0] AndroidManifest.xml:23:22-64
24    <uses-permission android:name="android.permission.ACCESS_NETWORK_STATE" />
24-->[com.google.android.gms:play-services-ads-lite:19.1.0] AndroidManifest.xml:24:5-79
24-->[com.google.android.gms:play-services-ads-lite:19.1.0] AndroidManifest.xml:24:22-76
25    <uses-permission android:name="android.permission.WAKE_LOCK" />
25-->[com.google.android.gms:play-services-measurement-sdk-api:17.1.0] AndroidManifest.xml:25:5-68
25-->[com.google.android.gms:play-services-measurement-sdk-api:17.1.0] AndroidManifest.xml:25:22-65
26
27    <application
27-->src\main\AndroidManifest.xml:16:5-39:19
28        android:allowBackup="true"
28-->src\main\AndroidManifest.xml:17:9-35
29        android:appComponentFactory="androidx.core.app.CoreComponentFactory"
29-->[androidx.core:core:1.1.0] AndroidManifest.xml:24:18-86
30        android:debuggable="true"
31        android:extractNativeLibs="false"
32        android:icon="@mipmap/ic_launcher"
32-->src\main\AndroidManifest.xml:18:9-43
33        android:label="@string/app_name"
33-->src\main\AndroidManifest.xml:19:9-41
34        android:roundIcon="@mipmap/ic_launcher_round"
34-->src\main\AndroidManifest.xml:20:9-54
35        android:supportsRtl="true"
35-->src\main\AndroidManifest.xml:21:9-35
36        android:theme="@style/Theme.AirMouse" >
36-->src\main\AndroidManifest.xml:22:9-46
37        <activity android:name="com.example.airmouse.Home" />
37-->src\main\AndroidManifest.xml:23:9-51
37-->src\main\AndroidManifest.xml:23:19-39
38        <activity
38-->src\main\AndroidManifest.xml:24:9-34:20
39            android:name="com.example.airmouse.MainActivity"
39-->src\main\AndroidManifest.xml:25:13-41
40            android:label="@string/app_name"
40-->src\main\AndroidManifest.xml:26:13-45
41            android:screenOrientation="portrait"
41-->src\main\AndroidManifest.xml:27:13-49
42            android:windowSoftInputMode="adjustNothing" >
42-->src\main\AndroidManifest.xml:28:13-56
43            <intent-filter>
43-->src\main\AndroidManifest.xml:29:13-33:29
44                <action android:name="android.intent.action.MAIN" />
44-->src\main\AndroidManifest.xml:30:17-69
44-->src\main\AndroidManifest.xml:30:25-66
45
46                <category android:name="android.intent.category.LAUNCHER" />
46-->src\main\AndroidManifest.xml:32:17-77
46-->src\main\AndroidManifest.xml:32:27-74
47            </intent-filter>
48        </activity>
49
50        <meta-data
50-->src\main\AndroidManifest.xml:36:9-38:70
51            android:name="com.google.android.gms.ads.APPLICATION_ID"
51-->src\main\AndroidManifest.xml:37:13-69
52            android:value="ca-app-pub-4522268596052918~9988678615" />
52-->src\main\AndroidManifest.xml:38:13-67
53        <!-- Include the AdActivity and InAppPurchaseActivity configChanges and themes. -->
54        <activity
54-->[com.google.android.gms:play-services-ads-lite:19.1.0] AndroidManifest.xml:29:9-33:64
55            android:name="com.google.android.gms.ads.AdActivity"
55-->[com.google.android.gms:play-services-ads-lite:19.1.0] AndroidManifest.xml:30:13-65
56            android:configChanges="keyboard|keyboardHidden|orientation|screenLayout|uiMode|screenSize|smallestScreenSize"
56-->[com.google.android.gms:play-services-ads-lite:19.1.0] AndroidManifest.xml:31:13-122
57            android:exported="false"
57-->[com.google.android.gms:play-services-ads-lite:19.1.0] AndroidManifest.xml:32:13-37
58            android:theme="@android:style/Theme.Translucent" />
58-->[com.google.android.gms:play-services-ads-lite:19.1.0] AndroidManifest.xml:33:13-61
59
60        <provider
60-->[com.google.android.gms:play-services-ads-lite:19.1.0] AndroidManifest.xml:35:9-39:39
61            android:name="com.google.android.gms.ads.MobileAdsInitProvider"
61-->[com.google.android.gms:play-services-ads-lite:19.1.0] AndroidManifest.xml:36:13-76
62            android:authorities="com.example.airmouse.mobileadsinitprovider"
62-->[com.google.android.gms:play-services-ads-lite:19.1.0] AndroidManifest.xml:37:13-73
63            android:exported="false"
63-->[com.google.android.gms:play-services-ads-lite:19.1.0] AndroidManifest.xml:38:13-37
64            android:initOrder="100" />
64-->[com.google.android.gms:play-services-ads-lite:19.1.0] AndroidManifest.xml:39:13-36
65
66        <meta-data
66-->[com.google.android.gms:play-services-basement:17.0.0] AndroidManifest.xml:23:9-25:69
67            android:name="com.google.android.gms.version"
67-->[com.google.android.gms:play-services-basement:17.0.0] AndroidManifest.xml:24:13-58
68            android:value="@integer/google_play_services_version" />
68-->[com.google.android.gms:play-services-basement:17.0.0] AndroidManifest.xml:25:13-66
69    </application>
70
71</manifest>